c:\users\kih25\onedrive\바탕 화면\baekjoon\baekjoon\x64\debug\vc143.pdb
c:\users\kih25\onedrive\바탕 화면\baekjoon\baekjoon\x64\debug\vc143.idb
c:\users\kih25\onedrive\바탕 화면\baekjoon\baekjoon\x64\debug\1183.obj
c:\users\kih25\onedrive\바탕 화면\baekjoon\baekjoon\x64\debug\1003.obj
c:\users\kih25\onedrive\바탕 화면\baekjoon\baekjoon\x64\debug\2720.obj
c:\users\kih25\onedrive\바탕 화면\baekjoon\baekjoon\x64\debug\1026.obj
c:\users\kih25\onedrive\바탕 화면\baekjoon\baekjoon\x64\debug\10828.obj
c:\users\kih25\onedrive\바탕 화면\baekjoon\baekjoon\x64\debug\10989.obj
c:\users\kih25\onedrive\바탕 화면\baekjoon\baekjoon\x64\debug\1041.obj
c:\users\kih25\onedrive\바탕 화면\baekjoon\baekjoon\x64\debug\1913.obj
c:\users\kih25\onedrive\바탕 화면\baekjoon\baekjoon\x64\debug\1874.obj
c:\users\kih25\onedrive\바탕 화면\baekjoon\baekjoon\x64\debug\1197.obj
c:\users\kih25\onedrive\바탕 화면\baekjoon\x64\debug\baekjoon.exe
c:\users\kih25\onedrive\바탕 화면\baekjoon\baekjoon\x64\debug\baekjoon.ilk
c:\users\kih25\onedrive\바탕 화면\baekjoon\x64\debug\baekjoon.pdb
c:\users\kih25\onedrive\바탕 화면\baekjoon\baekjoon\x64\debug\1004.obj
c:\users\kih25\onedrive\바탕 화면\baekjoon\baekjoon\x64\debug\1008.obj
c:\users\kih25\onedrive\바탕 화면\baekjoon\baekjoon\x64\debug\1010.obj
c:\users\kih25\onedrive\바탕 화면\baekjoon\baekjoon\x64\debug\1011.obj
c:\users\kih25\onedrive\바탕 화면\baekjoon\baekjoon\x64\debug\10171.obj
c:\users\kih25\onedrive\바탕 화면\baekjoon\baekjoon\x64\debug\10172.obj
c:\users\kih25\onedrive\바탕 화면\baekjoon\baekjoon\x64\debug\1024.obj
c:\users\kih25\onedrive\바탕 화면\baekjoon\baekjoon\x64\debug\10430.obj
c:\users\kih25\onedrive\바탕 화면\baekjoon\baekjoon\x64\debug\10807.obj
c:\users\kih25\onedrive\바탕 화면\baekjoon\baekjoon\x64\debug\10809.obj
c:\users\kih25\onedrive\바탕 화면\baekjoon\baekjoon\x64\debug\10951.obj
c:\users\kih25\onedrive\바탕 화면\baekjoon\baekjoon\x64\debug\10952.obj
c:\users\kih25\onedrive\바탕 화면\baekjoon\baekjoon\x64\debug\10998.obj
c:\users\kih25\onedrive\바탕 화면\baekjoon\baekjoon\x64\debug\11021.obj
c:\users\kih25\onedrive\바탕 화면\baekjoon\baekjoon\x64\debug\11022.obj
c:\users\kih25\onedrive\바탕 화면\baekjoon\baekjoon\x64\debug\1138.obj
c:\users\kih25\onedrive\바탕 화면\baekjoon\baekjoon\x64\debug\1149.obj
c:\users\kih25\onedrive\바탕 화면\baekjoon\baekjoon\x64\debug\1152.obj
c:\users\kih25\onedrive\바탕 화면\baekjoon\baekjoon\x64\debug\1181.obj
c:\users\kih25\onedrive\바탕 화면\baekjoon\baekjoon\x64\debug\1183_ing.obj
c:\users\kih25\onedrive\바탕 화면\baekjoon\baekjoon\x64\debug\1309.obj
c:\users\kih25\onedrive\바탕 화면\baekjoon\baekjoon\x64\debug\1330.obj
c:\users\kih25\onedrive\바탕 화면\baekjoon\baekjoon\x64\debug\1461.obj
c:\users\kih25\onedrive\바탕 화면\baekjoon\baekjoon\x64\debug\1546.obj
c:\users\kih25\onedrive\바탕 화면\baekjoon\baekjoon\x64\debug\1699.obj
c:\users\kih25\onedrive\바탕 화면\baekjoon\baekjoon\x64\debug\2438.obj
c:\users\kih25\onedrive\바탕 화면\baekjoon\baekjoon\x64\debug\2439.obj
c:\users\kih25\onedrive\바탕 화면\baekjoon\baekjoon\x64\debug\2444.obj
c:\users\kih25\onedrive\바탕 화면\baekjoon\baekjoon\x64\debug\2480.obj
c:\users\kih25\onedrive\바탕 화면\baekjoon\baekjoon\x64\debug\2525.obj
c:\users\kih25\onedrive\바탕 화면\baekjoon\baekjoon\x64\debug\2557.obj
c:\users\kih25\onedrive\바탕 화면\baekjoon\baekjoon\x64\debug\2562.obj
c:\users\kih25\onedrive\바탕 화면\baekjoon\baekjoon\x64\debug\2566.obj
c:\users\kih25\onedrive\바탕 화면\baekjoon\baekjoon\x64\debug\2588.obj
c:\users\kih25\onedrive\바탕 화면\baekjoon\baekjoon\x64\debug\2675.obj
c:\users\kih25\onedrive\바탕 화면\baekjoon\baekjoon\x64\debug\2738.obj
c:\users\kih25\onedrive\바탕 화면\baekjoon\baekjoon\x64\debug\2739.obj
c:\users\kih25\onedrive\바탕 화면\baekjoon\baekjoon\x64\debug\2743.obj
c:\users\kih25\onedrive\바탕 화면\baekjoon\baekjoon\x64\debug\2750.obj
c:\users\kih25\onedrive\바탕 화면\baekjoon\baekjoon\x64\debug\2751.obj
c:\users\kih25\onedrive\바탕 화면\baekjoon\baekjoon\x64\debug\2753.obj
c:\users\kih25\onedrive\바탕 화면\baekjoon\baekjoon\x64\debug\2884.obj
c:\users\kih25\onedrive\바탕 화면\baekjoon\baekjoon\x64\debug\2908.obj
c:\users\kih25\onedrive\바탕 화면\baekjoon\baekjoon\x64\debug\3052.obj
c:\users\kih25\onedrive\바탕 화면\baekjoon\baekjoon\x64\debug\3053.obj
c:\users\kih25\onedrive\바탕 화면\baekjoon\baekjoon\x64\debug\5597.obj
c:\users\kih25\onedrive\바탕 화면\baekjoon\baekjoon\x64\debug\8393.obj
c:\users\kih25\onedrive\바탕 화면\baekjoon\baekjoon\x64\debug\8958.obj
c:\users\kih25\onedrive\바탕 화면\baekjoon\baekjoon\x64\debug\9086.obj
c:\users\kih25\onedrive\바탕 화면\baekjoon\baekjoon\x64\debug\9498.obj
c:\users\kih25\onedrive\바탕 화면\baekjoon\baekjoon\x64\debug\소스.obj
c:\users\kih25\onedrive\바탕 화면\baekjoon\baekjoon\x64\debug\baekjoon.tlog\cl.command.1.tlog
c:\users\kih25\onedrive\바탕 화면\baekjoon\baekjoon\x64\debug\baekjoon.tlog\cl.read.1.tlog
c:\users\kih25\onedrive\바탕 화면\baekjoon\baekjoon\x64\debug\baekjoon.tlog\cl.write.1.tlog
c:\users\kih25\onedrive\바탕 화면\baekjoon\baekjoon\x64\debug\baekjoon.tlog\link.command.1.tlog
c:\users\kih25\onedrive\바탕 화면\baekjoon\baekjoon\x64\debug\baekjoon.tlog\link.read.1.tlog
c:\users\kih25\onedrive\바탕 화면\baekjoon\baekjoon\x64\debug\baekjoon.tlog\link.write.1.tlog
