  1003.c
  1004.c
  1008.c
  1010.c
  1011.c
  10171.c
  10172.c
  1024.c
  1041.c
  10430.c
  10807.c
  10809.c
  10951.c
  10952.c
  10998.c
  11021.c
  11022.c
  1138.c
  1149.c
  1152.c
  코드를 생성하고 있습니다...
  컴파일하고 있습니다...
  1181.c
  1309.c
  1330.c
  1461.c
  1546.c
  1699.c
  2438.c
  2439.c
  2444.c
  2480.c
  2525.c
  2557.c
  2562.c
  2566.c
  2588.c
  2675.c
  2738.c
  2739.c
  2743.c
  2750.c
  코드를 생성하고 있습니다...
  컴파일하고 있습니다...
  2751.c
  2753.c
  2884.c
  2908.c
  3052.c
  3053.c
  5597.c
  8393.c
  8958.c
  9086.c
  9498.c
  코드를 생성하고 있습니다...
MSVCRTD.lib(exe_main.obj) : error LNK2019: main"int __cdecl invoke_main(void)" (?invoke_main@@YAHXZ) 함수에서 참조되는 확인할 수 없는 외부 기호
C:\Users\kih25\OneDrive\바탕 화면\프로그래머스\Baekjoon\x64\Debug\Baekjoon.exe : fatal error LNK1120: 1개의 확인할 수 없는 외부 참조입니다.
